20-05-26,00:00:23,0,5.00e-02,1,3.50e-01
20-05-26,00:00:53,0,5.00e-02,1,3.50e-01
20-05-26,00:01:23,0,5.00e-02,1,3.50e-01
20-05-26,00:01:53,0,5.00e-02,1,3.50e-01
20-05-26,00:02:23,0,5.00e-02,1,3.50e-01
20-05-26,00:02:53,0,5.00e-02,1,3.50e-01
20-05-26,00:03:23,0,5.00e-02,1,3.50e-01
20-05-26,00:03:53,0,5.00e-02,1,3.50e-01
20-05-26,00:04:23,0,5.00e-02,1,3.50e-01
20-05-26,00:04:53,0,5.00e-02,1,3.50e-01
20-05-26,00:05:23,0,5.00e-02,1,3.50e-01
20-05-26,00:05:53,0,5.00e-02,1,3.50e-01
20-05-26,00:06:23,0,5.00e-02,1,3.50e-01
20-05-26,00:06:53,0,5.00e-02,1,3.50e-01
20-05-26,00:07:23,0,5.00e-02,1,3.50e-01
20-05-26,00:07:53,0,5.00e-02,1,3.50e-01
20-05-26,00:08:23,0,5.00e-02,1,3.50e-01
20-05-26,00:08:53,0,5.00e-02,1,3.50e-01
20-05-26,00:09:23,0,5.00e-02,1,3.50e-01
20-05-26,00:09:53,0,5.00e-02,1,3.50e-01
20-05-26,00:10:23,0,5.00e-02,1,3.50e-01
20-05-26,00:10:53,0,5.00e-02,1,3.50e-01
20-05-26,00:11:23,0,5.00e-02,1,3.50e-01
20-05-26,00:11:53,0,5.00e-02,1,3.50e-01
20-05-26,00:12:23,0,5.00e-02,1,3.50e-01
20-05-26,00:12:53,0,5.00e-02,1,3.50e-01
20-05-26,00:13:23,0,5.00e-02,1,3.50e-01
20-05-26,00:13:53,0,5.00e-02,1,3.50e-01
20-05-26,00:14:23,0,5.00e-02,1,3.50e-01
20-05-26,00:14:53,0,5.00e-02,1,3.50e-01
20-05-26,00:15:23,0,5.00e-02,1,3.50e-01
20-05-26,00:15:53,0,5.00e-02,1,3.50e-01
20-05-26,00:16:23,0,5.00e-02,1,3.50e-01
20-05-26,00:16:53,0,5.00e-02,1,3.50e-01
20-05-26,00:17:23,0,5.00e-02,1,3.50e-01
20-05-26,00:17:53,0,5.00e-02,1,3.50e-01
20-05-26,00:18:23,0,5.00e-02,1,3.50e-01
20-05-26,00:18:53,0,5.00e-02,1,3.50e-01
20-05-26,00:19:23,0,5.00e-02,1,3.50e-01
20-05-26,00:19:53,0,5.00e-02,1,3.50e-01
20-05-26,00:20:23,0,5.00e-02,1,3.50e-01
20-05-26,00:20:53,0,5.00e-02,1,3.50e-01
20-05-26,00:21:23,0,5.00e-02,1,3.50e-01
20-05-26,00:21:53,0,5.00e-02,1,3.50e-01
20-05-26,00:22:23,0,5.00e-02,1,3.50e-01
20-05-26,00:22:53,0,5.00e-02,1,3.50e-01
20-05-26,00:23:23,0,5.00e-02,1,3.50e-01
20-05-26,00:23:53,0,5.00e-02,1,3.50e-01
20-05-26,00:24:23,0,5.00e-02,1,3.50e-01
20-05-26,00:24:53,0,5.00e-02,1,3.50e-01
20-05-26,00:25:23,0,5.00e-02,1,3.50e-01
20-05-26,00:25:53,0,5.00e-02,1,3.50e-01
20-05-26,00:26:23,0,5.00e-02,1,3.50e-01
20-05-26,00:26:53,0,5.00e-02,1,3.50e-01
20-05-26,00:27:23,0,5.00e-02,1,3.50e-01
20-05-26,00:27:53,0,5.00e-02,1,3.50e-01
20-05-26,00:28:23,0,5.00e-02,1,3.50e-01
20-05-26,00:28:53,0,5.00e-02,1,3.50e-01
20-05-26,00:29:23,0,5.00e-02,1,3.50e-01
20-05-26,00:29:53,0,5.00e-02,1,3.50e-01
20-05-26,00:30:23,0,5.00e-02,1,3.50e-01
20-05-26,00:30:53,0,5.00e-02,1,3.50e-01
20-05-26,00:31:23,0,5.00e-02,1,3.50e-01
20-05-26,00:31:53,0,5.00e-02,1,3.50e-01
20-05-26,00:32:23,0,5.00e-02,1,3.50e-01
20-05-26,00:32:53,0,5.00e-02,1,3.50e-01
20-05-26,00:33:23,0,5.00e-02,1,3.50e-01
20-05-26,00:33:53,0,5.00e-02,1,3.50e-01
20-05-26,00:34:23,0,5.00e-02,1,3.50e-01
20-05-26,00:34:53,0,5.00e-02,1,3.50e-01
20-05-26,00:35:23,0,5.00e-02,1,3.50e-01
20-05-26,00:35:53,0,5.00e-02,1,3.50e-01
20-05-26,00:36:23,0,5.00e-02,1,3.50e-01
20-05-26,00:36:53,0,5.00e-02,1,3.50e-01
20-05-26,00:37:23,0,5.00e-02,1,3.50e-01
20-05-26,00:37:53,0,5.00e-02,1,3.50e-01
20-05-26,00:38:23,0,5.00e-02,1,3.50e-01
20-05-26,00:38:53,0,5.00e-02,1,3.50e-01
20-05-26,00:39:23,0,5.00e-02,1,3.50e-01
20-05-26,00:39:53,0,5.00e-02,1,3.50e-01
20-05-26,00:40:23,0,5.00e-02,1,3.50e-01
20-05-26,00:40:53,0,5.00e-02,1,3.50e-01
20-05-26,00:41:23,0,5.00e-02,1,3.50e-01
20-05-26,00:41:53,0,5.00e-02,1,3.50e-01
20-05-26,00:42:23,0,5.00e-02,1,3.50e-01
20-05-26,00:42:53,0,5.00e-02,1,3.50e-01
20-05-26,00:43:23,0,5.00e-02,1,3.50e-01
20-05-26,00:43:53,0,5.00e-02,1,3.50e-01
20-05-26,00:44:23,0,5.00e-02,1,3.50e-01
20-05-26,00:44:53,0,5.00e-02,1,3.50e-01
20-05-26,00:45:23,0,5.00e-02,1,3.50e-01
20-05-26,00:45:53,0,5.00e-02,1,3.50e-01
20-05-26,00:46:23,0,5.00e-02,1,3.50e-01
20-05-26,00:46:53,0,5.00e-02,1,3.50e-01
20-05-26,00:47:23,0,5.00e-02,1,3.50e-01
20-05-26,00:47:53,0,5.00e-02,1,3.50e-01
20-05-26,00:48:23,0,5.00e-02,1,3.50e-01
20-05-26,00:48:53,0,5.00e-02,1,3.50e-01
20-05-26,00:49:23,0,5.00e-02,1,3.50e-01
20-05-26,00:49:53,0,5.00e-02,1,3.50e-01
20-05-26,00:50:23,0,5.00e-02,1,3.50e-01
20-05-26,00:50:53,0,5.00e-02,1,3.50e-01
20-05-26,00:51:23,0,5.00e-02,1,3.50e-01
20-05-26,00:51:53,0,5.00e-02,1,3.50e-01
20-05-26,00:52:23,0,5.00e-02,1,3.50e-01
20-05-26,00:52:53,0,5.00e-02,1,3.50e-01
20-05-26,00:53:23,0,5.00e-02,1,3.50e-01
20-05-26,00:53:53,0,5.00e-02,1,3.50e-01
20-05-26,00:54:23,0,5.00e-02,1,3.50e-01
20-05-26,00:54:53,0,5.00e-02,1,3.50e-01
20-05-26,00:55:23,0,5.00e-02,1,3.50e-01
20-05-26,00:55:53,0,5.00e-02,1,3.50e-01
20-05-26,00:56:23,0,5.00e-02,1,3.50e-01
20-05-26,00:56:53,0,5.00e-02,1,3.50e-01
20-05-26,00:57:23,0,5.00e-02,1,3.50e-01
20-05-26,00:57:53,0,5.00e-02,1,3.50e-01
20-05-26,00:58:23,0,5.00e-02,1,3.50e-01
20-05-26,00:58:53,0,5.00e-02,1,3.50e-01
20-05-26,00:59:23,0,5.00e-02,1,3.50e-01
20-05-26,00:59:53,0,5.00e-02,1,3.50e-01
20-05-26,01:00:23,0,5.00e-02,1,3.50e-01
20-05-26,01:00:53,0,5.00e-02,1,3.50e-01
20-05-26,01:01:23,0,5.00e-02,1,3.50e-01
20-05-26,01:01:53,0,5.00e-02,1,3.50e-01
20-05-26,01:02:23,0,5.00e-02,1,3.50e-01
20-05-26,01:02:53,0,5.00e-02,1,3.50e-01
20-05-26,01:03:23,0,5.00e-02,1,3.50e-01
20-05-26,01:03:53,0,5.00e-02,1,3.50e-01
20-05-26,01:04:23,0,5.00e-02,1,3.50e-01
20-05-26,01:04:53,0,5.00e-02,1,3.50e-01
20-05-26,01:05:23,0,5.00e-02,1,3.50e-01
20-05-26,01:05:53,0,5.00e-02,1,3.50e-01
20-05-26,01:06:23,0,5.00e-02,1,3.50e-01
20-05-26,01:06:53,0,5.00e-02,1,3.50e-01
20-05-26,01:07:23,0,5.00e-02,1,3.50e-01
20-05-26,01:07:53,0,5.00e-02,1,3.50e-01
20-05-26,01:08:23,0,5.00e-02,1,3.50e-01
20-05-26,01:08:53,0,5.00e-02,1,3.50e-01
20-05-26,01:09:23,0,5.00e-02,1,3.50e-01
20-05-26,01:09:53,0,5.00e-02,1,3.50e-01
20-05-26,01:10:23,0,5.00e-02,1,3.50e-01
20-05-26,01:10:53,0,5.00e-02,1,3.50e-01
20-05-26,01:11:23,0,5.00e-02,1,3.50e-01
20-05-26,01:11:53,0,5.00e-02,1,3.50e-01
20-05-26,01:12:23,0,5.00e-02,1,3.50e-01
20-05-26,01:12:53,0,5.00e-02,1,3.50e-01
20-05-26,01:13:23,0,5.00e-02,1,3.50e-01
20-05-26,01:13:53,0,5.00e-02,1,3.50e-01
20-05-26,01:14:23,0,5.00e-02,1,3.50e-01
20-05-26,01:14:53,0,5.00e-02,1,3.50e-01
20-05-26,01:15:23,0,5.00e-02,1,3.50e-01
20-05-26,01:15:53,0,5.00e-02,1,3.50e-01
20-05-26,01:16:23,0,5.00e-02,1,3.50e-01
20-05-26,01:16:53,0,5.00e-02,1,3.50e-01
20-05-26,01:17:23,0,5.00e-02,1,3.50e-01
20-05-26,01:17:53,0,5.00e-02,1,3.50e-01
20-05-26,01:18:23,0,5.00e-02,1,3.50e-01
20-05-26,01:18:53,0,5.00e-02,1,3.50e-01
20-05-26,01:19:23,0,5.00e-02,1,3.50e-01
20-05-26,01:19:53,0,5.00e-02,1,3.50e-01
20-05-26,01:20:23,0,5.00e-02,1,3.50e-01
20-05-26,01:20:53,0,5.00e-02,1,3.50e-01
20-05-26,01:21:23,0,5.00e-02,1,3.50e-01
20-05-26,01:21:53,0,5.00e-02,1,3.50e-01
20-05-26,01:22:23,0,5.00e-02,1,3.50e-01
20-05-26,01:22:53,0,5.00e-02,1,3.50e-01
20-05-26,01:23:23,0,5.00e-02,1,3.50e-01
20-05-26,01:23:53,0,5.00e-02,1,3.50e-01
20-05-26,01:24:23,0,5.00e-02,1,3.50e-01
20-05-26,01:24:53,0,5.00e-02,1,3.50e-01
20-05-26,01:25:23,0,5.00e-02,1,3.50e-01
20-05-26,01:25:53,0,5.00e-02,1,3.50e-01
20-05-26,01:26:23,0,5.00e-02,1,3.50e-01
20-05-26,01:26:53,0,5.00e-02,1,3.50e-01
20-05-26,01:27:23,0,5.00e-02,1,3.50e-01
20-05-26,01:27:53,0,5.00e-02,1,3.50e-01
20-05-26,01:28:23,0,5.00e-02,1,3.50e-01
20-05-26,01:28:53,0,5.00e-02,1,3.50e-01
20-05-26,01:29:23,0,5.00e-02,1,3.50e-01
20-05-26,01:29:53,0,5.00e-02,1,3.50e-01
20-05-26,01:30:23,0,5.00e-02,1,3.50e-01
20-05-26,01:30:53,0,5.00e-02,1,3.50e-01
20-05-26,01:31:23,0,5.00e-02,1,3.50e-01
20-05-26,01:31:53,0,5.00e-02,1,3.50e-01
20-05-26,01:32:23,0,5.00e-02,1,3.50e-01
20-05-26,01:32:53,0,5.00e-02,1,3.50e-01
20-05-26,01:33:23,0,5.00e-02,1,3.50e-01
20-05-26,01:33:53,0,5.00e-02,1,3.50e-01
20-05-26,01:34:23,0,5.00e-02,1,3.50e-01
20-05-26,01:34:53,0,5.00e-02,1,3.50e-01
20-05-26,01:35:23,0,5.00e-02,1,3.50e-01
20-05-26,01:35:53,0,5.00e-02,1,3.50e-01
20-05-26,01:36:23,0,5.00e-02,1,3.50e-01
20-05-26,01:36:53,0,5.00e-02,1,3.50e-01
20-05-26,01:37:23,0,5.00e-02,1,3.50e-01
20-05-26,01:37:53,0,5.00e-02,1,3.50e-01
20-05-26,01:38:23,0,5.00e-02,1,3.50e-01
20-05-26,01:38:53,0,5.00e-02,1,3.50e-01
20-05-26,01:39:23,0,5.00e-02,1,3.50e-01
20-05-26,01:39:53,0,5.00e-02,1,3.50e-01
20-05-26,01:40:23,0,5.00e-02,1,3.50e-01
20-05-26,01:40:53,0,5.00e-02,1,3.50e-01
20-05-26,01:41:23,0,5.00e-02,1,3.50e-01
20-05-26,01:41:53,0,5.00e-02,1,3.50e-01
20-05-26,01:42:23,0,5.00e-02,1,3.50e-01
20-05-26,01:42:53,0,5.00e-02,1,3.50e-01
20-05-26,01:43:23,0,5.00e-02,1,3.50e-01
20-05-26,01:43:53,0,5.00e-02,1,3.50e-01
20-05-26,01:44:23,0,5.00e-02,1,3.50e-01
20-05-26,01:44:53,0,5.00e-02,1,3.50e-01
20-05-26,01:45:23,0,5.00e-02,1,3.50e-01
20-05-26,01:45:53,0,5.00e-02,1,3.50e-01
20-05-26,01:46:23,0,5.00e-02,1,3.50e-01
20-05-26,01:46:53,0,5.00e-02,1,3.50e-01
20-05-26,01:47:23,0,5.00e-02,1,3.50e-01
20-05-26,01:47:53,0,5.00e-02,1,3.50e-01
20-05-26,01:48:23,0,5.00e-02,1,3.50e-01
20-05-26,01:48:53,0,5.00e-02,1,3.50e-01
20-05-26,01:49:23,0,5.00e-02,1,3.50e-01
20-05-26,01:49:53,0,5.00e-02,1,3.50e-01
20-05-26,01:50:23,0,5.00e-02,1,3.50e-01
20-05-26,01:50:53,0,5.00e-02,1,3.50e-01
20-05-26,01:51:23,0,5.00e-02,1,3.50e-01
20-05-26,01:51:53,0,5.00e-02,1,3.50e-01
20-05-26,01:52:23,0,5.00e-02,1,3.50e-01
20-05-26,01:52:53,0,5.00e-02,1,3.50e-01
20-05-26,01:53:23,0,5.00e-02,1,3.50e-01
20-05-26,01:53:53,0,5.00e-02,1,3.50e-01
20-05-26,01:54:23,0,5.00e-02,1,3.50e-01
20-05-26,01:54:53,0,5.00e-02,1,3.50e-01
20-05-26,01:55:23,0,5.00e-02,1,3.50e-01
20-05-26,01:55:53,0,5.00e-02,1,3.50e-01
20-05-26,01:56:23,0,5.00e-02,1,3.50e-01
20-05-26,01:56:53,0,5.00e-02,1,3.50e-01
20-05-26,01:57:23,0,5.00e-02,1,3.50e-01
20-05-26,01:57:53,0,5.00e-02,1,3.50e-01
20-05-26,01:58:23,0,5.00e-02,1,3.50e-01
20-05-26,01:58:53,0,5.00e-02,1,3.50e-01
20-05-26,01:59:23,0,5.00e-02,1,3.50e-01
20-05-26,01:59:53,0,5.00e-02,1,3.50e-01
20-05-26,02:00:23,0,5.00e-02,1,3.50e-01
20-05-26,02:00:53,0,5.00e-02,1,3.50e-01
20-05-26,02:01:23,0,5.00e-02,1,3.50e-01
20-05-26,02:01:53,0,5.00e-02,1,3.50e-01
20-05-26,02:02:23,0,5.00e-02,1,3.50e-01
20-05-26,02:02:53,0,5.00e-02,1,3.50e-01
20-05-26,02:03:23,0,5.00e-02,1,3.50e-01
20-05-26,02:03:53,0,5.00e-02,1,3.50e-01
20-05-26,02:04:23,0,5.00e-02,1,3.50e-01
20-05-26,02:04:53,0,5.00e-02,1,3.50e-01
20-05-26,02:05:23,0,5.00e-02,1,3.50e-01
20-05-26,02:05:53,0,5.00e-02,1,3.50e-01
20-05-26,02:06:23,0,5.00e-02,1,3.50e-01
20-05-26,02:06:53,0,5.00e-02,1,3.50e-01
20-05-26,02:07:23,0,5.00e-02,1,3.50e-01
20-05-26,02:07:53,0,5.00e-02,1,3.50e-01
20-05-26,02:08:23,0,5.00e-02,1,3.50e-01
20-05-26,02:08:53,0,5.00e-02,1,3.50e-01
20-05-26,02:09:23,0,5.00e-02,1,3.50e-01
20-05-26,02:09:53,0,5.00e-02,1,3.50e-01
20-05-26,02:10:23,0,5.00e-02,1,3.50e-01
20-05-26,02:10:53,0,5.00e-02,1,3.50e-01
20-05-26,02:11:23,0,5.00e-02,1,3.50e-01
20-05-26,02:11:53,0,5.00e-02,1,3.50e-01
20-05-26,02:12:23,0,5.00e-02,1,3.50e-01
20-05-26,02:12:53,0,5.00e-02,1,3.50e-01
20-05-26,02:13:23,0,5.00e-02,1,3.50e-01
20-05-26,02:13:53,0,5.00e-02,1,3.50e-01
20-05-26,02:14:23,0,5.00e-02,1,3.50e-01
20-05-26,02:14:53,0,5.00e-02,1,3.50e-01
20-05-26,02:15:23,0,5.00e-02,1,3.50e-01
20-05-26,02:15:53,0,5.00e-02,1,3.50e-01
20-05-26,02:16:23,0,5.00e-02,1,3.50e-01
20-05-26,02:16:53,0,5.00e-02,1,3.50e-01
20-05-26,02:17:23,0,5.00e-02,1,3.50e-01
20-05-26,02:17:53,0,5.00e-02,1,3.50e-01
20-05-26,02:18:23,0,5.00e-02,1,3.50e-01
20-05-26,02:18:53,0,5.00e-02,1,3.50e-01
20-05-26,02:19:23,0,5.00e-02,1,3.50e-01
20-05-26,02:19:53,0,5.00e-02,1,3.50e-01
20-05-26,02:20:23,0,5.00e-02,1,3.50e-01
20-05-26,02:20:53,0,5.00e-02,1,3.50e-01
20-05-26,02:21:23,0,5.00e-02,1,3.50e-01
20-05-26,02:21:53,0,5.00e-02,1,3.50e-01
20-05-26,02:22:23,0,5.00e-02,1,3.50e-01
20-05-26,02:22:53,0,5.00e-02,1,3.50e-01
20-05-26,02:23:23,0,5.00e-02,1,3.50e-01
20-05-26,02:23:53,0,5.00e-02,1,3.50e-01
20-05-26,02:24:23,0,5.00e-02,1,3.50e-01
20-05-26,02:24:53,0,5.00e-02,1,3.50e-01
20-05-26,02:25:23,0,5.00e-02,1,3.50e-01
20-05-26,02:25:53,0,5.00e-02,1,3.50e-01
20-05-26,02:26:23,0,5.00e-02,1,3.50e-01
20-05-26,02:26:53,0,5.00e-02,1,3.50e-01
20-05-26,02:27:23,0,5.00e-02,1,3.50e-01
20-05-26,02:27:53,0,5.00e-02,1,3.50e-01
20-05-26,02:28:23,0,5.00e-02,1,3.50e-01
20-05-26,02:28:53,0,5.00e-02,1,3.50e-01
20-05-26,02:29:23,0,5.00e-02,1,3.50e-01
20-05-26,02:29:53,0,5.00e-02,1,3.50e-01
20-05-26,02:30:23,0,5.00e-02,1,3.50e-01
20-05-26,02:30:53,0,5.00e-02,1,3.50e-01
20-05-26,02:31:23,0,5.00e-02,1,3.50e-01
20-05-26,02:31:53,0,5.00e-02,1,3.50e-01
20-05-26,02:32:23,0,5.00e-02,1,3.50e-01
20-05-26,02:32:53,0,5.00e-02,1,3.50e-01
20-05-26,02:33:23,0,5.00e-02,1,3.50e-01
20-05-26,02:33:53,0,5.00e-02,1,3.50e-01
20-05-26,02:34:23,0,5.00e-02,1,3.50e-01
20-05-26,02:34:53,0,5.00e-02,1,3.50e-01
20-05-26,02:35:23,0,5.00e-02,1,3.50e-01
20-05-26,02:35:53,0,5.00e-02,1,3.50e-01
20-05-26,02:36:23,0,5.00e-02,1,3.50e-01
20-05-26,02:36:53,0,5.00e-02,1,3.50e-01
20-05-26,02:37:23,0,5.00e-02,1,3.50e-01
20-05-26,02:37:53,0,5.00e-02,1,3.50e-01
20-05-26,02:38:23,0,5.00e-02,1,3.50e-01
20-05-26,02:38:53,0,5.00e-02,1,3.50e-01
20-05-26,02:39:23,0,5.00e-02,1,3.50e-01
20-05-26,02:39:53,0,5.00e-02,1,3.50e-01
20-05-26,02:40:23,0,5.00e-02,1,3.50e-01
20-05-26,02:40:53,0,5.00e-02,1,3.50e-01
20-05-26,02:41:23,0,5.00e-02,1,3.50e-01
20-05-26,02:41:53,0,5.00e-02,1,3.50e-01
20-05-26,02:42:23,0,5.00e-02,1,3.50e-01
20-05-26,02:42:53,0,5.00e-02,1,3.50e-01
20-05-26,02:43:23,0,5.00e-02,1,3.50e-01
20-05-26,02:43:53,0,5.00e-02,1,3.50e-01
20-05-26,02:44:23,0,5.00e-02,1,3.50e-01
20-05-26,02:44:53,0,5.00e-02,1,3.50e-01
20-05-26,02:45:23,0,5.00e-02,1,3.50e-01
20-05-26,02:45:53,0,5.00e-02,1,3.50e-01
20-05-26,02:46:23,0,5.00e-02,1,3.50e-01
20-05-26,02:46:53,0,5.00e-02,1,3.50e-01
20-05-26,02:47:23,0,5.00e-02,1,3.50e-01
20-05-26,02:47:53,0,5.00e-02,1,3.50e-01
20-05-26,02:48:23,0,5.00e-02,1,3.50e-01
20-05-26,02:48:53,0,5.00e-02,1,3.50e-01
20-05-26,02:49:23,0,5.00e-02,1,3.50e-01
20-05-26,02:49:53,0,5.00e-02,1,3.50e-01
20-05-26,02:50:23,0,5.00e-02,1,3.50e-01
20-05-26,02:50:53,0,5.00e-02,1,3.50e-01
20-05-26,02:51:23,0,5.00e-02,1,3.50e-01
20-05-26,02:51:53,0,5.00e-02,1,3.50e-01
20-05-26,02:52:23,0,5.00e-02,1,3.50e-01
20-05-26,02:52:53,0,5.00e-02,1,3.50e-01
20-05-26,02:53:23,0,5.00e-02,1,3.50e-01
20-05-26,02:53:53,0,5.00e-02,1,3.50e-01
20-05-26,02:54:23,0,5.00e-02,1,3.50e-01
20-05-26,02:54:53,0,5.00e-02,1,3.50e-01
20-05-26,02:55:23,0,5.00e-02,1,3.50e-01
20-05-26,02:55:53,0,5.00e-02,1,3.50e-01
20-05-26,02:56:23,0,5.00e-02,1,3.50e-01
20-05-26,02:56:53,0,5.00e-02,1,3.50e-01
20-05-26,02:57:23,0,5.00e-02,1,3.50e-01
20-05-26,02:57:53,0,5.00e-02,1,3.50e-01
20-05-26,02:58:23,0,5.00e-02,1,3.50e-01
20-05-26,02:58:53,0,5.00e-02,1,3.50e-01
20-05-26,02:59:23,0,5.00e-02,1,3.50e-01
20-05-26,02:59:53,0,5.00e-02,1,3.50e-01
20-05-26,03:00:23,0,5.00e-02,1,3.50e-01
20-05-26,03:00:53,0,5.00e-02,1,3.50e-01
20-05-26,03:01:23,0,5.00e-02,1,3.50e-01
20-05-26,03:01:53,0,5.00e-02,1,3.50e-01
20-05-26,03:02:23,0,5.00e-02,1,3.50e-01
20-05-26,03:02:53,0,5.00e-02,1,3.50e-01
20-05-26,03:03:23,0,5.00e-02,1,3.50e-01
20-05-26,03:03:53,0,5.00e-02,1,3.50e-01
20-05-26,03:04:23,0,5.00e-02,1,3.50e-01
20-05-26,03:04:53,0,5.00e-02,1,3.50e-01
20-05-26,03:05:23,0,5.00e-02,1,3.50e-01
20-05-26,03:05:53,0,5.00e-02,1,3.50e-01
20-05-26,03:06:23,0,5.00e-02,1,3.50e-01
20-05-26,03:06:53,0,5.00e-02,1,3.50e-01
20-05-26,03:07:23,0,5.00e-02,1,3.50e-01
20-05-26,03:07:53,0,5.00e-02,1,3.50e-01
20-05-26,03:08:23,0,5.00e-02,1,3.50e-01
20-05-26,03:08:53,0,5.00e-02,1,3.50e-01
20-05-26,03:09:23,0,5.00e-02,1,3.50e-01
20-05-26,03:09:53,0,5.00e-02,1,3.50e-01
20-05-26,03:10:23,0,5.00e-02,1,3.50e-01
20-05-26,03:10:53,0,5.00e-02,1,3.50e-01
20-05-26,03:11:23,0,5.00e-02,1,3.50e-01
20-05-26,03:11:53,0,5.00e-02,1,3.50e-01
20-05-26,03:12:23,0,5.00e-02,1,3.50e-01
20-05-26,03:12:53,0,5.00e-02,1,3.50e-01
20-05-26,03:13:23,0,5.00e-02,1,3.50e-01
20-05-26,03:13:53,0,5.00e-02,1,3.50e-01
20-05-26,03:14:23,0,5.00e-02,1,3.50e-01
20-05-26,03:14:53,0,5.00e-02,1,3.50e-01
20-05-26,03:15:23,0,5.00e-02,1,3.50e-01
20-05-26,03:15:53,0,5.00e-02,1,3.50e-01
20-05-26,03:16:23,0,5.00e-02,1,3.50e-01
20-05-26,03:16:53,0,5.00e-02,1,3.50e-01
20-05-26,03:17:23,0,5.00e-02,1,3.50e-01
20-05-26,03:17:53,0,5.00e-02,1,3.50e-01
20-05-26,03:18:23,0,5.00e-02,1,3.50e-01
20-05-26,03:18:53,0,5.00e-02,1,3.50e-01
20-05-26,03:19:23,0,5.00e-02,1,3.50e-01
20-05-26,03:19:53,0,5.00e-02,1,3.50e-01
20-05-26,03:20:23,0,5.00e-02,1,3.50e-01
20-05-26,03:20:53,0,5.00e-02,1,3.50e-01
20-05-26,03:21:23,0,5.00e-02,1,3.50e-01
20-05-26,03:21:53,0,5.00e-02,1,3.50e-01
20-05-26,03:22:23,0,5.00e-02,1,3.50e-01
20-05-26,03:22:53,0,5.00e-02,1,3.50e-01
20-05-26,03:23:23,0,5.00e-02,1,3.50e-01
20-05-26,03:23:53,0,5.00e-02,1,3.50e-01
20-05-26,03:24:23,0,5.00e-02,1,3.50e-01
20-05-26,03:24:53,0,5.00e-02,1,3.50e-01
20-05-26,03:25:23,0,5.00e-02,1,3.50e-01
20-05-26,03:25:53,0,5.00e-02,1,3.50e-01
20-05-26,03:26:23,0,5.00e-02,1,3.50e-01
20-05-26,03:26:53,0,5.00e-02,1,3.50e-01
20-05-26,03:27:23,0,5.00e-02,1,3.50e-01
20-05-26,03:27:53,0,5.00e-02,1,3.50e-01
20-05-26,03:28:23,0,5.00e-02,1,3.50e-01
20-05-26,03:28:53,0,5.00e-02,1,3.50e-01
20-05-26,03:29:23,0,5.00e-02,1,3.50e-01
20-05-26,03:29:53,0,5.00e-02,1,3.50e-01
20-05-26,03:30:23,0,5.00e-02,1,3.50e-01
20-05-26,03:30:53,0,5.00e-02,1,3.50e-01
20-05-26,03:31:23,0,5.00e-02,1,3.50e-01
20-05-26,03:31:53,0,5.00e-02,1,3.50e-01
20-05-26,03:32:23,0,5.00e-02,1,3.50e-01
20-05-26,03:32:53,0,5.00e-02,1,3.50e-01
20-05-26,03:33:23,0,5.00e-02,1,3.50e-01
20-05-26,03:33:53,0,5.00e-02,1,3.50e-01
20-05-26,03:34:23,0,5.00e-02,1,3.50e-01
20-05-26,03:34:53,0,5.00e-02,1,3.50e-01
20-05-26,03:35:23,0,5.00e-02,1,3.50e-01
20-05-26,03:35:53,0,5.00e-02,1,3.50e-01
20-05-26,03:36:23,0,5.00e-02,1,3.50e-01
20-05-26,03:36:53,0,5.00e-02,1,3.50e-01
20-05-26,03:37:23,0,5.00e-02,1,3.50e-01
20-05-26,03:37:53,0,5.00e-02,1,3.50e-01
20-05-26,03:38:23,0,5.00e-02,1,3.50e-01
20-05-26,03:38:53,0,5.00e-02,1,3.50e-01
20-05-26,03:39:23,0,5.00e-02,1,3.50e-01
20-05-26,03:39:53,0,5.00e-02,1,3.50e-01
20-05-26,03:40:23,0,5.00e-02,1,3.50e-01
20-05-26,03:40:53,0,5.00e-02,1,3.50e-01
20-05-26,03:41:23,0,5.00e-02,1,3.50e-01
20-05-26,03:41:53,0,5.00e-02,1,3.50e-01
20-05-26,03:42:23,0,5.00e-02,1,3.50e-01
20-05-26,03:42:53,0,5.00e-02,1,3.50e-01
20-05-26,03:43:23,0,5.00e-02,1,3.50e-01
20-05-26,03:43:53,0,5.00e-02,1,3.50e-01
20-05-26,03:44:23,0,5.00e-02,1,3.50e-01
20-05-26,03:44:53,0,5.00e-02,1,3.50e-01
20-05-26,03:45:23,0,5.00e-02,1,3.50e-01
20-05-26,03:45:53,0,5.00e-02,1,3.50e-01
20-05-26,03:46:23,0,5.00e-02,1,3.50e-01
20-05-26,03:46:53,0,5.00e-02,1,3.50e-01
20-05-26,03:47:23,0,5.00e-02,1,3.50e-01
20-05-26,03:47:53,0,5.00e-02,1,3.50e-01
20-05-26,03:48:23,0,5.00e-02,1,3.50e-01
20-05-26,03:48:53,0,5.00e-02,1,3.50e-01
20-05-26,03:49:23,0,5.00e-02,1,3.50e-01
20-05-26,03:49:53,0,5.00e-02,1,3.50e-01
20-05-26,03:50:23,0,5.00e-02,1,3.50e-01
20-05-26,03:50:53,0,5.00e-02,1,3.50e-01
20-05-26,03:51:23,0,5.00e-02,1,3.50e-01
20-05-26,03:51:53,0,5.00e-02,1,3.50e-01
20-05-26,03:52:23,0,5.00e-02,1,3.50e-01
20-05-26,03:52:53,0,5.00e-02,1,3.50e-01
20-05-26,03:53:23,0,5.00e-02,1,3.50e-01
20-05-26,03:53:53,0,5.00e-02,1,3.50e-01
20-05-26,03:54:23,0,5.00e-02,1,3.50e-01
20-05-26,03:54:53,0,5.00e-02,1,3.50e-01
20-05-26,03:55:23,0,5.00e-02,1,3.50e-01
20-05-26,03:55:53,0,5.00e-02,1,3.50e-01
20-05-26,03:56:23,0,5.00e-02,1,3.50e-01
20-05-26,03:56:53,0,5.00e-02,1,3.50e-01
20-05-26,03:57:23,0,5.00e-02,1,3.50e-01
20-05-26,03:57:53,0,5.00e-02,1,3.50e-01
20-05-26,03:58:23,0,5.00e-02,1,3.50e-01
20-05-26,03:58:53,0,5.00e-02,1,3.50e-01
20-05-26,03:59:23,0,5.00e-02,1,3.50e-01
20-05-26,03:59:53,0,5.00e-02,1,3.50e-01
20-05-26,04:00:23,0,5.00e-02,1,3.50e-01
20-05-26,04:00:53,0,5.00e-02,1,3.50e-01
20-05-26,04:01:23,0,5.00e-02,1,3.50e-01
20-05-26,04:01:53,0,5.00e-02,1,3.50e-01
20-05-26,04:02:23,0,5.00e-02,1,3.50e-01
20-05-26,04:02:53,0,5.00e-02,1,3.50e-01
20-05-26,04:03:23,0,5.00e-02,1,3.50e-01
20-05-26,04:03:53,0,5.00e-02,1,3.50e-01
20-05-26,04:04:23,0,5.00e-02,1,3.50e-01
20-05-26,04:04:53,0,5.00e-02,1,3.50e-01
20-05-26,04:05:23,0,5.00e-02,1,3.50e-01
20-05-26,04:05:53,0,5.00e-02,1,3.50e-01
20-05-26,04:06:23,0,5.00e-02,1,3.50e-01
20-05-26,04:06:53,0,5.00e-02,1,3.50e-01
20-05-26,04:07:23,0,5.00e-02,1,3.50e-01
20-05-26,04:07:53,0,5.00e-02,1,3.50e-01
20-05-26,04:08:23,0,5.00e-02,1,3.50e-01
20-05-26,04:08:53,0,5.00e-02,1,3.50e-01
20-05-26,04:09:23,0,5.00e-02,1,3.50e-01
20-05-26,04:09:53,0,5.00e-02,1,3.50e-01
20-05-26,04:10:23,0,5.00e-02,1,3.50e-01
20-05-26,04:10:53,0,5.00e-02,1,3.50e-01
20-05-26,04:11:23,0,5.00e-02,1,3.50e-01
20-05-26,04:11:53,0,5.00e-02,1,3.50e-01
20-05-26,04:12:23,0,5.00e-02,1,3.50e-01
20-05-26,04:12:53,0,5.00e-02,1,3.50e-01
20-05-26,04:13:23,0,5.00e-02,1,3.50e-01
20-05-26,04:13:53,0,5.00e-02,1,3.50e-01
20-05-26,04:14:23,0,5.00e-02,1,3.50e-01
20-05-26,04:14:53,0,5.00e-02,1,3.50e-01
20-05-26,04:15:23,0,5.00e-02,1,3.50e-01
20-05-26,04:15:53,0,5.00e-02,1,3.50e-01
20-05-26,04:16:23,0,5.00e-02,1,3.50e-01
20-05-26,04:16:53,0,5.00e-02,1,3.50e-01
20-05-26,04:17:23,0,5.00e-02,1,3.50e-01
20-05-26,04:17:53,0,5.00e-02,1,3.50e-01
20-05-26,04:18:23,0,5.00e-02,1,3.50e-01
20-05-26,04:18:53,0,5.00e-02,1,3.50e-01
20-05-26,04:19:23,0,5.00e-02,1,3.50e-01
20-05-26,04:19:53,0,5.00e-02,1,3.50e-01
20-05-26,04:20:23,0,5.00e-02,1,3.50e-01
20-05-26,04:20:53,0,5.00e-02,1,3.50e-01
20-05-26,04:21:23,0,5.00e-02,1,3.50e-01
20-05-26,04:21:53,0,5.00e-02,1,3.50e-01
20-05-26,04:22:23,0,5.00e-02,1,3.50e-01
20-05-26,04:22:53,0,5.00e-02,1,3.50e-01
20-05-26,04:23:23,0,5.00e-02,1,3.50e-01
20-05-26,04:23:53,0,5.00e-02,1,3.50e-01
20-05-26,04:24:23,0,5.00e-02,1,3.50e-01
20-05-26,04:24:53,0,5.00e-02,1,3.50e-01
20-05-26,04:25:23,0,5.00e-02,1,3.50e-01
20-05-26,04:25:53,0,5.00e-02,1,3.50e-01
20-05-26,04:26:23,0,5.00e-02,1,3.50e-01
20-05-26,04:26:53,0,5.00e-02,1,3.50e-01
20-05-26,04:27:23,0,5.00e-02,1,3.50e-01
20-05-26,04:27:53,0,5.00e-02,1,3.50e-01
20-05-26,04:28:23,0,5.00e-02,1,3.50e-01
20-05-26,04:28:53,0,5.00e-02,1,3.50e-01
20-05-26,04:29:23,0,5.00e-02,1,3.50e-01
20-05-26,04:29:53,0,5.00e-02,1,3.50e-01
20-05-26,04:30:23,0,5.00e-02,1,3.50e-01
20-05-26,04:30:53,0,5.00e-02,1,3.50e-01
20-05-26,04:31:23,0,5.00e-02,1,3.50e-01
20-05-26,04:31:53,0,5.00e-02,1,3.50e-01
20-05-26,04:32:23,0,5.00e-02,1,3.50e-01
20-05-26,04:32:53,0,5.00e-02,1,3.50e-01
20-05-26,04:33:23,0,5.00e-02,1,3.50e-01
20-05-26,04:33:53,0,5.00e-02,1,3.50e-01
20-05-26,04:34:23,0,5.00e-02,1,3.50e-01
20-05-26,04:34:53,0,5.00e-02,1,3.50e-01
20-05-26,04:35:23,0,5.00e-02,1,3.50e-01
20-05-26,04:35:53,0,5.00e-02,1,3.50e-01
20-05-26,04:36:23,0,5.00e-02,1,3.50e-01
20-05-26,04:36:53,0,5.00e-02,1,3.50e-01
20-05-26,04:37:23,0,5.00e-02,1,3.50e-01
20-05-26,04:37:53,0,5.00e-02,1,3.50e-01
20-05-26,04:38:23,0,5.00e-02,1,3.50e-01
20-05-26,04:38:53,0,5.00e-02,1,3.50e-01
20-05-26,04:39:23,0,5.00e-02,1,3.50e-01
20-05-26,04:39:53,0,5.00e-02,1,3.50e-01
20-05-26,04:40:23,0,5.00e-02,1,3.50e-01
20-05-26,04:40:53,0,5.00e-02,1,3.50e-01
20-05-26,04:41:23,0,5.00e-02,1,3.50e-01
20-05-26,04:41:53,0,5.00e-02,1,3.50e-01
20-05-26,04:42:23,0,5.00e-02,1,3.50e-01
20-05-26,04:42:53,0,5.00e-02,1,3.50e-01
20-05-26,04:43:23,0,5.00e-02,1,3.50e-01
20-05-26,04:43:53,0,5.00e-02,1,3.50e-01
20-05-26,04:44:23,0,5.00e-02,1,3.50e-01
20-05-26,04:44:53,0,5.00e-02,1,3.50e-01
20-05-26,04:45:23,0,5.00e-02,1,3.50e-01
20-05-26,04:45:53,0,5.00e-02,1,3.50e-01
20-05-26,04:46:23,0,5.00e-02,1,3.50e-01
20-05-26,04:46:53,0,5.00e-02,1,3.50e-01
20-05-26,04:47:23,0,5.00e-02,1,3.50e-01
20-05-26,04:47:53,0,5.00e-02,1,3.50e-01
20-05-26,04:48:23,0,5.00e-02,1,3.50e-01
20-05-26,04:48:53,0,5.00e-02,1,3.50e-01
20-05-26,04:49:23,0,5.00e-02,1,3.50e-01
20-05-26,04:49:53,0,5.00e-02,1,3.50e-01
20-05-26,04:50:23,0,5.00e-02,1,3.50e-01
20-05-26,04:50:53,0,5.00e-02,1,3.50e-01
20-05-26,04:51:23,0,5.00e-02,1,3.50e-01
20-05-26,04:51:53,0,5.00e-02,1,3.50e-01
20-05-26,04:52:23,0,5.00e-02,1,3.50e-01
20-05-26,04:52:53,0,5.00e-02,1,3.50e-01
20-05-26,04:53:23,0,5.00e-02,1,3.50e-01
20-05-26,04:53:53,0,5.00e-02,1,3.50e-01
20-05-26,04:54:23,0,5.00e-02,1,3.50e-01
20-05-26,04:54:53,0,5.00e-02,1,3.50e-01
20-05-26,04:55:23,0,5.00e-02,1,3.50e-01
20-05-26,04:55:53,0,5.00e-02,1,3.50e-01
20-05-26,04:56:23,0,5.00e-02,1,3.50e-01
20-05-26,04:56:53,0,5.00e-02,1,3.50e-01
20-05-26,04:57:23,0,5.00e-02,1,3.50e-01
20-05-26,04:57:53,0,5.00e-02,1,3.50e-01
20-05-26,04:58:23,0,5.00e-02,1,3.50e-01
20-05-26,04:58:53,0,5.00e-02,1,3.50e-01
20-05-26,04:59:23,0,5.00e-02,1,3.50e-01
20-05-26,04:59:53,0,5.00e-02,1,3.50e-01
20-05-26,05:00:23,0,5.00e-02,1,3.50e-01
20-05-26,05:00:53,0,5.00e-02,1,3.50e-01
20-05-26,05:01:23,0,5.00e-02,1,3.50e-01
20-05-26,05:01:53,0,5.00e-02,1,3.50e-01
20-05-26,05:02:23,0,5.00e-02,1,3.50e-01
20-05-26,05:02:53,0,5.00e-02,1,3.50e-01
20-05-26,05:03:23,0,5.00e-02,1,3.50e-01
20-05-26,05:03:53,0,5.00e-02,1,3.50e-01
20-05-26,05:04:23,0,5.00e-02,1,3.50e-01
20-05-26,05:04:53,0,5.00e-02,1,3.50e-01
20-05-26,05:05:23,0,5.00e-02,1,3.50e-01
20-05-26,05:05:53,0,5.00e-02,1,3.50e-01
20-05-26,05:06:23,0,5.00e-02,1,3.50e-01
20-05-26,05:06:53,0,5.00e-02,1,3.50e-01
20-05-26,05:07:23,0,5.00e-02,1,3.50e-01
20-05-26,05:07:53,0,5.00e-02,1,3.50e-01
20-05-26,05:08:23,0,5.00e-02,1,3.50e-01
20-05-26,05:08:53,0,5.00e-02,1,3.50e-01
20-05-26,05:09:23,0,5.00e-02,1,3.50e-01
20-05-26,05:09:53,0,5.00e-02,1,3.50e-01
20-05-26,05:10:23,0,5.00e-02,1,3.50e-01
20-05-26,05:10:53,0,5.00e-02,1,3.50e-01
20-05-26,05:11:23,0,5.00e-02,1,3.50e-01
20-05-26,05:11:53,0,5.00e-02,1,3.50e-01
20-05-26,05:12:23,0,5.00e-02,1,3.50e-01
20-05-26,05:12:53,0,5.00e-02,1,3.50e-01
20-05-26,05:13:23,0,5.00e-02,1,3.50e-01
20-05-26,05:13:53,0,5.00e-02,1,3.50e-01
20-05-26,05:14:23,0,5.00e-02,1,3.50e-01
20-05-26,05:14:53,0,5.00e-02,1,3.50e-01
20-05-26,05:15:23,0,5.00e-02,1,3.50e-01
20-05-26,05:15:53,0,5.00e-02,1,3.50e-01
20-05-26,05:16:23,0,5.00e-02,1,3.50e-01
20-05-26,05:16:53,0,5.00e-02,1,3.50e-01
20-05-26,05:17:23,0,5.00e-02,1,3.50e-01
20-05-26,05:17:53,0,5.00e-02,1,3.50e-01
20-05-26,05:18:23,0,5.00e-02,1,3.50e-01
20-05-26,05:18:53,0,5.00e-02,1,3.50e-01
20-05-26,05:19:23,0,5.00e-02,1,3.50e-01
20-05-26,05:19:53,0,5.00e-02,1,3.50e-01
20-05-26,05:20:23,0,5.00e-02,1,3.50e-01
20-05-26,05:20:53,0,5.00e-02,1,3.50e-01
20-05-26,05:21:23,0,5.00e-02,1,3.50e-01
20-05-26,05:21:53,0,5.00e-02,1,3.50e-01
20-05-26,05:22:23,0,5.00e-02,1,3.50e-01
20-05-26,05:22:53,0,5.00e-02,1,3.50e-01
20-05-26,05:23:23,0,5.00e-02,1,3.50e-01
20-05-26,05:23:53,0,5.00e-02,1,3.50e-01
20-05-26,05:24:23,0,5.00e-02,1,3.50e-01
20-05-26,05:24:53,0,5.00e-02,1,3.50e-01
20-05-26,05:25:23,0,5.00e-02,1,3.50e-01
20-05-26,05:25:53,0,5.00e-02,1,3.50e-01
20-05-26,05:26:23,0,5.00e-02,1,3.50e-01
20-05-26,05:26:53,0,5.00e-02,1,3.50e-01
20-05-26,05:27:23,0,5.00e-02,1,3.50e-01
20-05-26,05:27:53,0,5.00e-02,1,3.50e-01
20-05-26,05:28:23,0,5.00e-02,1,3.50e-01
20-05-26,05:28:53,0,5.00e-02,1,3.50e-01
20-05-26,05:29:23,0,5.00e-02,1,3.50e-01
20-05-26,05:29:53,0,5.00e-02,1,3.50e-01
20-05-26,05:30:23,0,5.00e-02,1,3.50e-01
20-05-26,05:30:53,0,5.00e-02,1,3.50e-01
20-05-26,05:31:23,0,5.00e-02,1,3.50e-01
20-05-26,05:31:53,0,5.00e-02,1,3.50e-01
20-05-26,05:32:23,0,5.00e-02,1,3.50e-01
20-05-26,05:32:53,0,5.00e-02,1,3.50e-01
20-05-26,05:33:23,0,5.00e-02,1,3.50e-01
20-05-26,05:33:53,0,5.00e-02,1,3.50e-01
20-05-26,05:34:23,0,5.00e-02,1,3.50e-01
20-05-26,05:34:53,0,5.00e-02,1,3.50e-01
20-05-26,05:35:23,0,5.00e-02,1,3.50e-01
20-05-26,05:35:53,0,5.00e-02,1,3.50e-01
20-05-26,05:36:23,0,5.00e-02,1,3.50e-01
20-05-26,05:36:53,0,5.00e-02,1,3.50e-01
20-05-26,05:37:23,0,5.00e-02,1,3.50e-01
20-05-26,05:37:53,0,5.00e-02,1,3.50e-01
20-05-26,05:38:23,0,5.00e-02,1,3.50e-01
20-05-26,05:38:53,0,5.00e-02,1,3.50e-01
20-05-26,05:39:23,0,5.00e-02,1,3.50e-01
20-05-26,05:39:53,0,5.00e-02,1,3.50e-01
20-05-26,05:40:23,0,5.00e-02,1,3.50e-01
20-05-26,05:40:53,0,5.00e-02,1,3.50e-01
20-05-26,05:41:23,0,5.00e-02,1,3.50e-01
20-05-26,05:41:53,0,5.00e-02,1,3.50e-01
20-05-26,05:42:23,0,5.00e-02,1,3.50e-01
20-05-26,05:42:53,0,5.00e-02,1,3.50e-01
20-05-26,05:43:23,0,5.00e-02,1,3.50e-01
20-05-26,05:43:53,0,5.00e-02,1,3.50e-01
20-05-26,05:44:23,0,5.00e-02,1,3.50e-01
20-05-26,05:44:53,0,5.00e-02,1,3.50e-01
20-05-26,05:45:23,0,5.00e-02,1,3.50e-01
20-05-26,05:45:53,0,5.00e-02,1,3.50e-01
20-05-26,05:46:23,0,5.00e-02,1,3.50e-01
20-05-26,05:46:53,0,5.00e-02,1,3.50e-01
20-05-26,05:47:23,0,5.00e-02,1,3.50e-01
20-05-26,05:47:53,0,5.00e-02,1,3.50e-01
20-05-26,05:48:23,0,5.00e-02,1,3.50e-01
20-05-26,05:48:53,0,5.00e-02,1,3.50e-01
20-05-26,05:49:23,0,5.00e-02,1,3.50e-01
20-05-26,05:49:53,0,5.00e-02,1,3.50e-01
20-05-26,05:50:23,0,5.00e-02,1,3.50e-01
20-05-26,05:50:53,0,5.00e-02,1,3.50e-01
20-05-26,05:51:23,0,5.00e-02,1,3.50e-01
20-05-26,05:51:53,0,5.00e-02,1,3.50e-01
20-05-26,05:52:23,0,5.00e-02,1,3.50e-01
20-05-26,05:52:53,0,5.00e-02,1,3.50e-01
20-05-26,05:53:23,0,5.00e-02,1,3.50e-01
20-05-26,05:53:53,0,5.00e-02,1,3.50e-01
20-05-26,05:54:23,0,5.00e-02,1,3.50e-01
20-05-26,05:54:53,0,5.00e-02,1,3.50e-01
20-05-26,05:55:23,0,5.00e-02,1,3.50e-01
20-05-26,05:55:53,0,5.00e-02,1,3.50e-01
20-05-26,05:56:23,0,5.00e-02,1,3.50e-01
20-05-26,05:56:53,0,5.00e-02,1,3.50e-01
20-05-26,05:57:23,0,5.00e-02,1,3.50e-01
20-05-26,05:57:53,0,5.00e-02,1,3.50e-01
20-05-26,05:58:23,0,5.00e-02,1,3.50e-01
20-05-26,05:58:53,0,5.00e-02,1,3.50e-01
20-05-26,05:59:23,0,5.00e-02,1,3.50e-01
20-05-26,05:59:53,0,5.00e-02,1,3.50e-01
20-05-26,06:00:23,0,5.00e-02,1,3.50e-01
20-05-26,06:00:53,0,5.00e-02,1,3.50e-01
20-05-26,06:01:23,0,5.00e-02,1,3.50e-01
20-05-26,06:01:53,0,5.00e-02,1,3.50e-01
20-05-26,06:02:23,0,5.00e-02,1,3.50e-01
20-05-26,06:02:53,0,5.00e-02,1,3.50e-01
20-05-26,06:03:23,0,5.00e-02,1,3.50e-01
20-05-26,06:03:53,0,5.00e-02,1,3.50e-01
20-05-26,06:04:23,0,5.00e-02,1,3.50e-01
20-05-26,06:04:53,0,5.00e-02,1,3.50e-01
20-05-26,06:05:23,0,5.00e-02,1,3.50e-01
20-05-26,06:05:53,0,5.00e-02,1,3.50e-01
20-05-26,06:06:23,0,5.00e-02,1,3.50e-01
20-05-26,06:06:53,0,5.00e-02,1,3.50e-01
20-05-26,06:07:23,0,5.00e-02,1,3.50e-01
20-05-26,06:07:53,0,5.00e-02,1,3.50e-01
20-05-26,06:08:23,0,5.00e-02,1,3.50e-01
20-05-26,06:08:53,0,5.00e-02,1,3.50e-01
20-05-26,06:09:23,0,5.00e-02,1,3.50e-01
20-05-26,06:09:53,0,5.00e-02,1,3.50e-01
20-05-26,06:10:23,0,5.00e-02,1,3.50e-01
20-05-26,06:10:53,0,5.00e-02,1,3.50e-01
20-05-26,06:11:23,0,5.00e-02,1,3.50e-01
20-05-26,06:11:53,0,5.00e-02,1,3.50e-01
20-05-26,06:12:23,0,5.00e-02,1,3.50e-01
20-05-26,06:12:53,0,5.00e-02,1,3.50e-01
20-05-26,06:13:23,0,5.00e-02,1,3.50e-01
20-05-26,06:13:53,0,5.00e-02,1,3.50e-01
20-05-26,06:14:23,0,5.00e-02,1,3.50e-01
20-05-26,06:14:53,0,5.00e-02,1,3.50e-01
20-05-26,06:15:23,0,5.00e-02,1,3.50e-01
20-05-26,06:15:53,0,5.00e-02,1,3.50e-01
20-05-26,06:16:23,0,5.00e-02,1,3.50e-01
20-05-26,06:16:53,0,5.00e-02,1,3.50e-01
20-05-26,06:17:23,0,5.00e-02,1,3.50e-01
20-05-26,06:17:53,0,5.00e-02,1,3.50e-01
20-05-26,06:18:23,0,5.00e-02,1,3.50e-01
20-05-26,06:18:53,0,5.00e-02,1,3.50e-01
20-05-26,06:19:23,0,5.00e-02,1,3.50e-01
20-05-26,06:19:53,0,5.00e-02,1,3.50e-01
20-05-26,06:20:23,0,5.00e-02,1,3.50e-01
20-05-26,06:20:53,0,5.00e-02,1,3.50e-01
20-05-26,06:21:23,0,5.00e-02,1,3.50e-01
20-05-26,06:21:53,0,5.00e-02,1,3.50e-01
20-05-26,06:22:23,0,5.00e-02,1,3.50e-01
20-05-26,06:22:53,0,5.00e-02,1,3.50e-01
20-05-26,06:23:23,0,5.00e-02,1,3.50e-01
20-05-26,06:23:53,0,5.00e-02,1,3.50e-01
20-05-26,06:24:23,0,5.00e-02,1,3.50e-01
20-05-26,06:24:53,0,5.00e-02,1,3.50e-01
20-05-26,06:25:23,0,5.00e-02,1,3.50e-01
20-05-26,06:25:53,0,5.00e-02,1,3.50e-01
20-05-26,06:26:23,0,5.00e-02,1,3.50e-01
20-05-26,06:26:53,0,5.00e-02,1,3.50e-01
20-05-26,06:27:23,0,5.00e-02,1,3.50e-01
20-05-26,06:27:53,0,5.00e-02,1,3.50e-01
20-05-26,06:28:23,0,5.00e-02,1,3.50e-01
20-05-26,06:28:53,0,5.00e-02,1,3.50e-01
20-05-26,06:29:23,0,5.00e-02,1,3.50e-01
20-05-26,06:29:53,0,5.00e-02,1,3.50e-01
20-05-26,06:30:23,0,5.00e-02,1,3.50e-01
20-05-26,06:30:53,0,5.00e-02,1,3.50e-01
20-05-26,06:31:23,0,5.00e-02,1,3.50e-01
20-05-26,06:31:53,0,5.00e-02,1,3.50e-01
20-05-26,06:32:23,0,5.00e-02,1,3.50e-01
20-05-26,06:32:53,0,5.00e-02,1,3.50e-01
20-05-26,06:33:23,0,5.00e-02,1,3.50e-01
20-05-26,06:33:53,0,5.00e-02,1,3.50e-01
20-05-26,06:34:23,0,5.00e-02,1,3.50e-01
20-05-26,06:34:53,0,5.00e-02,1,3.50e-01
20-05-26,06:35:23,0,5.00e-02,1,3.50e-01
20-05-26,06:35:53,0,5.00e-02,1,3.50e-01
20-05-26,06:36:23,0,5.00e-02,1,3.50e-01
20-05-26,06:36:53,0,5.00e-02,1,3.50e-01
20-05-26,06:37:23,0,5.00e-02,1,3.50e-01
20-05-26,06:37:53,0,5.00e-02,1,3.50e-01
20-05-26,06:38:23,0,5.00e-02,1,3.50e-01
20-05-26,06:38:53,0,5.00e-02,1,3.50e-01
20-05-26,06:39:23,0,5.00e-02,1,3.50e-01
20-05-26,06:39:53,0,5.00e-02,1,3.50e-01
20-05-26,06:40:23,0,5.00e-02,1,3.50e-01
20-05-26,06:40:53,0,5.00e-02,1,3.50e-01
20-05-26,06:41:23,0,5.00e-02,1,3.50e-01
20-05-26,06:41:53,0,5.00e-02,1,3.50e-01
20-05-26,06:42:23,0,5.00e-02,1,3.50e-01
20-05-26,06:42:53,0,5.00e-02,1,3.50e-01
20-05-26,06:43:23,0,5.00e-02,1,3.50e-01
20-05-26,06:43:53,0,5.00e-02,1,3.50e-01
20-05-26,06:44:23,0,5.00e-02,1,3.50e-01
20-05-26,06:44:53,0,5.00e-02,1,3.50e-01
20-05-26,06:45:23,0,5.00e-02,1,3.50e-01
20-05-26,06:45:53,0,5.00e-02,1,3.50e-01
20-05-26,06:46:23,0,5.00e-02,1,3.50e-01
20-05-26,06:46:53,0,5.00e-02,1,3.50e-01
20-05-26,06:47:23,0,5.00e-02,1,3.50e-01
20-05-26,06:47:53,0,5.00e-02,1,3.50e-01
20-05-26,06:48:23,0,5.00e-02,1,3.50e-01
20-05-26,06:48:53,0,5.00e-02,1,3.50e-01
20-05-26,06:49:23,0,5.00e-02,1,3.50e-01
20-05-26,06:49:53,0,5.00e-02,1,3.50e-01
20-05-26,06:50:23,0,5.00e-02,1,3.50e-01
20-05-26,06:50:53,0,5.00e-02,1,3.50e-01
20-05-26,06:51:23,0,5.00e-02,1,3.50e-01
20-05-26,06:51:53,0,5.00e-02,1,3.50e-01
20-05-26,06:52:23,0,5.00e-02,1,3.50e-01
20-05-26,06:52:53,0,5.00e-02,1,3.50e-01
20-05-26,06:53:23,0,5.00e-02,1,3.50e-01
20-05-26,06:53:53,0,5.00e-02,1,3.50e-01
20-05-26,06:54:23,0,5.00e-02,1,3.50e-01
20-05-26,06:54:53,0,5.00e-02,1,3.50e-01
20-05-26,06:55:23,0,5.00e-02,1,3.50e-01
20-05-26,06:55:53,0,5.00e-02,1,3.50e-01
20-05-26,06:56:23,0,5.00e-02,1,3.50e-01
20-05-26,06:56:53,0,5.00e-02,1,3.50e-01
20-05-26,06:57:23,0,5.00e-02,1,3.50e-01
20-05-26,06:57:53,0,5.00e-02,1,3.50e-01
20-05-26,06:58:23,0,5.00e-02,1,3.50e-01
20-05-26,06:58:53,0,5.00e-02,1,3.50e-01
20-05-26,06:59:23,0,5.00e-02,1,3.50e-01
20-05-26,06:59:53,0,5.00e-02,1,3.50e-01
20-05-26,07:00:23,0,5.00e-02,1,3.50e-01
20-05-26,07:00:53,0,5.00e-02,1,3.50e-01
20-05-26,07:01:23,0,5.00e-02,1,3.50e-01
20-05-26,07:01:53,0,5.00e-02,1,3.50e-01
20-05-26,07:02:23,0,5.00e-02,1,3.50e-01
20-05-26,07:02:53,0,5.00e-02,1,3.50e-01
20-05-26,07:03:23,0,5.00e-02,1,3.50e-01
20-05-26,07:03:53,0,5.00e-02,1,3.50e-01
20-05-26,07:04:23,0,5.00e-02,1,3.50e-01
20-05-26,07:04:53,0,5.00e-02,1,3.50e-01
20-05-26,07:05:23,0,5.00e-02,1,3.50e-01
20-05-26,07:05:53,0,5.00e-02,1,3.50e-01
20-05-26,07:06:23,0,5.00e-02,1,3.50e-01
20-05-26,07:06:53,0,5.00e-02,1,3.50e-01
20-05-26,07:07:23,0,5.00e-02,1,3.50e-01
20-05-26,07:07:53,0,5.00e-02,1,3.50e-01
20-05-26,07:08:23,0,5.00e-02,1,3.50e-01
20-05-26,07:08:53,0,5.00e-02,1,3.50e-01
20-05-26,07:09:23,0,5.00e-02,1,3.50e-01
20-05-26,07:09:53,0,5.00e-02,1,3.50e-01
20-05-26,07:10:23,0,5.00e-02,1,3.50e-01
20-05-26,07:10:53,0,5.00e-02,1,3.50e-01
20-05-26,07:11:23,0,5.00e-02,1,3.50e-01
20-05-26,07:11:53,0,5.00e-02,1,3.50e-01
20-05-26,07:12:23,0,5.00e-02,1,3.50e-01
20-05-26,07:12:53,0,5.00e-02,1,3.50e-01
20-05-26,07:13:23,0,5.00e-02,1,3.50e-01
20-05-26,07:13:53,0,5.00e-02,1,3.50e-01
20-05-26,07:14:23,0,5.00e-02,1,3.50e-01
20-05-26,07:14:53,0,5.00e-02,1,3.50e-01
20-05-26,07:15:23,0,5.00e-02,1,3.50e-01
20-05-26,07:15:53,0,5.00e-02,1,3.50e-01
20-05-26,07:16:23,0,5.00e-02,1,3.50e-01
20-05-26,07:16:53,0,5.00e-02,1,3.50e-01
20-05-26,07:17:23,0,5.00e-02,1,3.50e-01
20-05-26,07:17:53,0,5.00e-02,1,3.50e-01
20-05-26,07:18:23,0,5.00e-02,1,3.50e-01
20-05-26,07:18:53,0,5.00e-02,1,3.50e-01
20-05-26,07:19:23,0,5.00e-02,1,3.50e-01
20-05-26,07:19:53,0,5.00e-02,1,3.50e-01
20-05-26,07:20:23,0,5.00e-02,1,3.50e-01
20-05-26,07:20:53,0,5.00e-02,1,3.50e-01
20-05-26,07:21:23,0,5.00e-02,1,3.50e-01
20-05-26,07:21:53,0,5.00e-02,1,3.50e-01
20-05-26,07:22:23,0,5.00e-02,1,3.50e-01
20-05-26,07:22:53,0,5.00e-02,1,3.50e-01
20-05-26,07:23:23,0,5.00e-02,1,3.50e-01
20-05-26,07:23:53,0,5.00e-02,1,3.50e-01
20-05-26,07:24:23,0,5.00e-02,1,3.50e-01
20-05-26,07:24:53,0,5.00e-02,1,3.50e-01
20-05-26,07:25:23,0,5.00e-02,1,3.50e-01
20-05-26,07:25:53,0,5.00e-02,1,3.50e-01
20-05-26,07:26:23,0,5.00e-02,1,3.50e-01
20-05-26,07:26:53,0,5.00e-02,1,3.50e-01
20-05-26,07:27:23,0,5.00e-02,1,3.50e-01
20-05-26,07:27:53,0,5.00e-02,1,3.50e-01
20-05-26,07:28:23,0,5.00e-02,1,3.50e-01
20-05-26,07:28:53,0,5.00e-02,1,3.50e-01
20-05-26,07:29:23,0,5.00e-02,1,3.50e-01
20-05-26,07:29:53,0,5.00e-02,1,3.50e-01
20-05-26,07:30:23,0,5.00e-02,1,3.50e-01
20-05-26,07:30:53,0,5.00e-02,1,3.50e-01
20-05-26,07:31:23,0,5.00e-02,1,3.50e-01
20-05-26,07:31:53,0,5.00e-02,1,3.50e-01
20-05-26,07:32:23,0,5.00e-02,1,3.50e-01
20-05-26,07:32:53,0,5.00e-02,1,3.50e-01
20-05-26,07:33:23,0,5.00e-02,1,3.50e-01
20-05-26,07:33:53,0,5.00e-02,1,3.50e-01
20-05-26,07:34:23,0,5.00e-02,1,3.50e-01
20-05-26,07:34:53,0,5.00e-02,1,3.50e-01
20-05-26,07:35:23,0,5.00e-02,1,3.50e-01
20-05-26,07:35:53,0,5.00e-02,1,3.50e-01
20-05-26,07:36:23,0,5.00e-02,1,3.50e-01
20-05-26,07:36:53,0,5.00e-02,1,3.50e-01
20-05-26,07:37:23,0,5.00e-02,1,3.50e-01
20-05-26,07:37:53,0,5.00e-02,1,3.50e-01
20-05-26,07:38:23,0,5.00e-02,1,3.50e-01
20-05-26,07:38:53,0,5.00e-02,1,3.50e-01
20-05-26,07:39:23,0,5.00e-02,1,3.50e-01
20-05-26,07:39:53,0,5.00e-02,1,3.50e-01
20-05-26,07:40:23,0,5.00e-02,1,3.50e-01
20-05-26,07:40:53,0,5.00e-02,1,3.50e-01
20-05-26,07:41:23,0,5.00e-02,1,3.50e-01
20-05-26,07:41:53,0,5.00e-02,1,3.50e-01
20-05-26,07:42:23,0,5.00e-02,1,3.50e-01
20-05-26,07:42:53,0,5.00e-02,1,3.50e-01
20-05-26,07:43:23,0,5.00e-02,1,3.50e-01
20-05-26,07:43:53,0,5.00e-02,1,3.50e-01
20-05-26,07:44:23,0,5.00e-02,1,3.50e-01
20-05-26,07:44:53,0,5.00e-02,1,3.50e-01
20-05-26,07:45:23,0,5.00e-02,1,3.50e-01
20-05-26,07:45:53,0,5.00e-02,1,3.50e-01
20-05-26,07:46:23,0,5.00e-02,1,3.50e-01
20-05-26,07:46:53,0,5.00e-02,1,3.50e-01
20-05-26,07:47:23,0,5.00e-02,1,3.50e-01
20-05-26,07:47:53,0,5.00e-02,1,3.50e-01
20-05-26,07:48:23,0,5.00e-02,1,3.50e-01
20-05-26,07:48:53,0,5.00e-02,1,3.50e-01
20-05-26,07:49:23,0,5.00e-02,1,3.50e-01
20-05-26,07:49:53,0,5.00e-02,1,3.50e-01
20-05-26,07:50:23,0,5.00e-02,1,3.50e-01
20-05-26,07:50:53,0,5.00e-02,1,3.50e-01
20-05-26,07:51:23,0,5.00e-02,1,3.50e-01
20-05-26,07:51:53,0,5.00e-02,1,3.50e-01
20-05-26,07:52:23,0,5.00e-02,1,3.50e-01
20-05-26,07:52:53,0,5.00e-02,1,3.50e-01
20-05-26,07:53:23,0,5.00e-02,1,3.50e-01
20-05-26,07:53:53,0,5.00e-02,1,3.50e-01
20-05-26,07:54:23,0,5.00e-02,1,3.50e-01
20-05-26,07:54:53,0,5.00e-02,1,3.50e-01
20-05-26,07:55:23,0,5.00e-02,1,3.50e-01
20-05-26,07:55:53,0,5.00e-02,1,3.50e-01
20-05-26,07:56:23,0,5.00e-02,1,3.50e-01
20-05-26,07:56:53,0,5.00e-02,1,3.50e-01
20-05-26,07:57:23,0,5.00e-02,1,3.50e-01
20-05-26,07:57:53,0,5.00e-02,1,3.50e-01
20-05-26,07:58:23,0,5.00e-02,1,3.50e-01
20-05-26,07:58:53,0,5.00e-02,1,3.50e-01
20-05-26,07:59:23,0,5.00e-02,1,3.50e-01
20-05-26,07:59:53,0,5.00e-02,1,3.50e-01
20-05-26,08:00:23,0,5.00e-02,1,3.50e-01
20-05-26,08:00:53,0,5.00e-02,1,3.50e-01
20-05-26,08:01:23,0,5.00e-02,1,3.50e-01
20-05-26,08:01:53,0,5.00e-02,1,3.50e-01
20-05-26,08:02:23,0,5.00e-02,1,3.50e-01
20-05-26,08:02:53,0,5.00e-02,1,3.50e-01
20-05-26,08:03:23,0,5.00e-02,1,3.50e-01
20-05-26,08:03:53,0,5.00e-02,1,3.50e-01
20-05-26,08:04:23,0,5.00e-02,1,3.50e-01
20-05-26,08:04:53,0,5.00e-02,1,3.50e-01
20-05-26,08:05:23,0,5.00e-02,1,3.50e-01
20-05-26,08:05:53,0,5.00e-02,1,3.50e-01
20-05-26,08:06:23,0,5.00e-02,1,3.50e-01
20-05-26,08:06:53,0,5.00e-02,1,3.50e-01
20-05-26,08:07:23,0,5.00e-02,1,3.50e-01
20-05-26,08:07:53,0,5.00e-02,1,3.50e-01
20-05-26,08:08:23,0,5.00e-02,1,3.50e-01
20-05-26,08:08:53,0,5.00e-02,1,3.50e-01
20-05-26,08:09:23,0,5.00e-02,1,3.50e-01
20-05-26,08:09:53,0,5.00e-02,1,3.50e-01
20-05-26,08:10:23,0,5.00e-02,1,3.50e-01
20-05-26,08:10:53,0,5.00e-02,1,3.50e-01
20-05-26,08:11:23,0,5.00e-02,1,3.50e-01
20-05-26,08:11:53,0,5.00e-02,1,3.50e-01
20-05-26,08:12:23,0,5.00e-02,1,3.50e-01
